<?xml version="1.0" encoding="UTF-8"?>
<!-- Generated by org.testng.reporters.JUnitXMLReporter -->
<testsuite ignored="0" hostname="DESKTOP-A9RMGMK" failures="1" tests="1" name="Test" time="6.645" errors="0" timestamp="2024-09-10T17:46:38 EDT">
  <testcase classname="testCases.TC_loginDDT" name="verify_loginpageDDT" time="1.676">
    <failure type="org.testng.internal.reflect.MethodMatcherException" message="
[public void testCases.TC_loginDDT.verify_loginpageDDT(java.lang.String,java.lang.String,java.lang.String)] has no parameters defined but was found to be using a data provider (either explicitly specified or inherited from class level annotation).
Data provider mismatch
Method: verify_loginpageDDT([java.lang.String arg0, java.lang.String arg1, java.lang.String arg2])
Arguments: [(java.lang.String) sincxappuser@gmail.com,(java.lang.String) Admin@12345,(java.lang.String) Valid,(java.lang.String) ,(java.lang.String) ,(java.lang.String) ]">
      <![CDATA[org.testng.internal.reflect.MethodMatcherException: 
[public void testCases.TC_loginDDT.verify_loginpageDDT(java.lang.String,java.lang.String,java.lang.String)] has no parameters defined but was found to be using a data provider (either explicitly specified or inherited from class level annotation).
Data provider mismatch
Method: verify_loginpageDDT([java.lang.String arg0, java.lang.String arg1, java.lang.String arg2])
Arguments: [(java.lang.String) sincxappuser@gmail.com,(java.lang.String) Admin@12345,(java.lang.String) Valid,(java.lang.String) ,(java.lang.String) ,(java.lang.String) ]
at java.base/java.util.ArrayList.forEach(ArrayList.java:1596)
... Removed 22 stack frames]]>
    </failure>
  </testcase> <!-- verify_loginpageDDT -->
</testsuite> <!-- Test -->
