<?xml version="1.0" encoding="UTF-8"?>
<!-- Generated by org.testng.reporters.JUnitXMLReporter -->
<testsuite ignored="0" hostname="DESKTOP-A9RMGMK" failures="1" tests="1" name="Linux-Chrome" time="17.031" errors="0" timestamp="2024-11-12T20:27:09 EST">
  <testcase classname="testCases.KnowledgeSet.TC_SXAdmin_38" name="verifySortFilter" time="9.809">
    <failure type="java.lang.NullPointerException" message="Cannot invoke &amp;quot;org.openqa.selenium.TakesScreenshot.getScreenshotAs(org.openqa.selenium.OutputType)&amp;quot; because &amp;quot;driver&amp;quot; is null">
      <![CDATA[java.lang.NullPointerException: Cannot invoke "org.openqa.selenium.TakesScreenshot.getScreenshotAs(org.openqa.selenium.OutputType)" because "driver" is null
at testBase.Baseclass.captureScreenshot(Baseclass.java:97)
at utilities.ExtentReportManager.onTestSuccess(ExtentReportManager.java:72)
at java.base/java.util.ArrayList.forEach(ArrayList.java:1596)
... Removed 24 stack frames]]>
    </failure>
  </testcase> <!-- verifySortFilter -->
</testsuite> <!-- Linux-Chrome -->
